[0.010s] Invoking command in '/home/DATA/simulation/robotDog/build/robot_pkg': CMAKE_PREFIX_PATH=${CMAKE_PREFIX_PATH}:/home/DATA/DogRobot/ros2_ws/install/my_launch_package:/home/DATA/DogRobot/ros2_ws/install/gamepad_node:/home/DATA/DogRobot/ros2_ws/install/add_integers:/home/DATA/DogRobot/ros2_ws/install/controller:/home/DATA/DogRobot/ros2_ws/install/can_node:/opt/ros/jazzy DEBUGINFOD_URLS=https://debuginfod.ubuntu.com /usr/bin/cmake --build /home/DATA/simulation/robotDog/build/robot_pkg -- -j8 -l8
[0.048s] -- Found ament_cmake: 2.5.2 (/opt/ros/jazzy/share/ament_cmake/cmake)
[0.274s] -- Found ament_lint_auto: 0.17.1 (/opt/ros/jazzy/share/ament_lint_auto/cmake)
[0.374s] -- Added test 'flake8' to check Python code syntax and style conventions
[0.374s] -- Configured 'flake8' exclude dirs and/or files: 
[0.375s] -- Added test 'lint_cmake' to check CMake code style
[0.375s] -- Added test 'pep257' to check Python code against some of the docstring style conventions in PEP 257
[0.377s] -- Added test 'xmllint' to check XML markup files
[0.379s] -- Configuring done (0.3s)
[0.384s] -- Generating done (0.0s)
[0.385s] -- Build files have been written to: /home/DATA/simulation/robotDog/build/robot_pkg
[0.405s] Invoked command in '/home/DATA/simulation/robotDog/build/robot_pkg' returned '0': CMAKE_PREFIX_PATH=${CMAKE_PREFIX_PATH}:/home/DATA/DogRobot/ros2_ws/install/my_launch_package:/home/DATA/DogRobot/ros2_ws/install/gamepad_node:/home/DATA/DogRobot/ros2_ws/install/add_integers:/home/DATA/DogRobot/ros2_ws/install/controller:/home/DATA/DogRobot/ros2_ws/install/can_node:/opt/ros/jazzy DEBUGINFOD_URLS=https://debuginfod.ubuntu.com /usr/bin/cmake --build /home/DATA/simulation/robotDog/build/robot_pkg -- -j8 -l8
[0.434s] Invoking command in '/home/DATA/simulation/robotDog/build/robot_pkg': CMAKE_PREFIX_PATH=${CMAKE_PREFIX_PATH}:/home/DATA/DogRobot/ros2_ws/install/my_launch_package:/home/DATA/DogRobot/ros2_ws/install/gamepad_node:/home/DATA/DogRobot/ros2_ws/install/add_integers:/home/DATA/DogRobot/ros2_ws/install/controller:/home/DATA/DogRobot/ros2_ws/install/can_node:/opt/ros/jazzy DEBUGINFOD_URLS=https://debuginfod.ubuntu.com /usr/bin/cmake --install /home/DATA/simulation/robotDog/build/robot_pkg
[0.442s] -- Install configuration: ""
[0.443s] -- Installing: /home/DATA/simulation/robotDog/install/robot_pkg/share/robot_pkg/launch
[0.443s] -- Installing: /home/DATA/simulation/robotDog/install/robot_pkg/share/robot_pkg/launch/robot_model.launch.py
[0.443s] -- Installing: /home/DATA/simulation/robotDog/install/robot_pkg/share/robot_pkg/model
[0.443s] -- Installing: /home/DATA/simulation/robotDog/install/robot_pkg/share/robot_pkg/model/robot.gazebo
[0.443s] -- Installing: /home/DATA/simulation/robotDog/install/robot_pkg/share/robot_pkg/model/robot.xacro
[0.443s] -- Installing: /home/DATA/simulation/robotDog/install/robot_pkg/share/robot_pkg/parameters
[0.443s] -- Installing: /home/DATA/simulation/robotDog/install/robot_pkg/share/robot_pkg/parameters/bridge_parameters.yaml
[0.443s] -- Installing: /home/DATA/simulation/robotDog/install/robot_pkg/share/ament_index/resource_index/package_run_dependencies/robot_pkg
[0.444s] -- Installing: /home/DATA/simulation/robotDog/install/robot_pkg/share/ament_index/resource_index/parent_prefix_path/robot_pkg
[0.444s] -- Up-to-date: /home/DATA/simulation/robotDog/install/robot_pkg/share/robot_pkg/environment/ament_prefix_path.sh
[0.444s] -- Up-to-date: /home/DATA/simulation/robotDog/install/robot_pkg/share/robot_pkg/environment/ament_prefix_path.dsv
[0.444s] -- Up-to-date: /home/DATA/simulation/robotDog/install/robot_pkg/share/robot_pkg/environment/path.sh
[0.444s] -- Up-to-date: /home/DATA/simulation/robotDog/install/robot_pkg/share/robot_pkg/environment/path.dsv
[0.444s] -- Up-to-date: /home/DATA/simulation/robotDog/install/robot_pkg/share/robot_pkg/local_setup.bash
[0.444s] -- Up-to-date: /home/DATA/simulation/robotDog/install/robot_pkg/share/robot_pkg/local_setup.sh
[0.444s] -- Up-to-date: /home/DATA/simulation/robotDog/install/robot_pkg/share/robot_pkg/local_setup.zsh
[0.444s] -- Up-to-date: /home/DATA/simulation/robotDog/install/robot_pkg/share/robot_pkg/local_setup.dsv
[0.445s] -- Up-to-date: /home/DATA/simulation/robotDog/install/robot_pkg/share/robot_pkg/package.dsv
[0.445s] -- Up-to-date: /home/DATA/simulation/robotDog/install/robot_pkg/share/ament_index/resource_index/packages/robot_pkg
[0.445s] -- Up-to-date: /home/DATA/simulation/robotDog/install/robot_pkg/share/robot_pkg/cmake/robot_pkgConfig.cmake
[0.445s] -- Up-to-date: /home/DATA/simulation/robotDog/install/robot_pkg/share/robot_pkg/cmake/robot_pkgConfig-version.cmake
[0.445s] -- Installing: /home/DATA/simulation/robotDog/install/robot_pkg/share/robot_pkg/package.xml
[0.447s] Invoked command in '/home/DATA/simulation/robotDog/build/robot_pkg' returned '0': CMAKE_PREFIX_PATH=${CMAKE_PREFIX_PATH}:/home/DATA/DogRobot/ros2_ws/install/my_launch_package:/home/DATA/DogRobot/ros2_ws/install/gamepad_node:/home/DATA/DogRobot/ros2_ws/install/add_integers:/home/DATA/DogRobot/ros2_ws/install/controller:/home/DATA/DogRobot/ros2_ws/install/can_node:/opt/ros/jazzy DEBUGINFOD_URLS=https://debuginfod.ubuntu.com /usr/bin/cmake --install /home/DATA/simulation/robotDog/build/robot_pkg
